<?xml version="1.0" encoding="UTF-8"?>
<testsuite xmlns:xsi="http://www.w3.org/2001/XMLSchema-instance" xsi:noNamespaceSchemaLocation="https://maven.apache.org/surefire/maven-surefire-plugin/xsd/surefire-test-report.xsd" name="com.jpinon.challenge.recruiting_javier_pinon.domain.AnagramDictionaryTest" time="0.001" tests="9" errors="0" skipped="0" failures="0">
  <properties>
[...]
</properties>
  <testcase name="whenWordIsEmpty_thenEmptyIsReturned" classname="com.jpinon.challenge.recruiting_javier_pinon.domain.AnagramDictionaryTest" time="0"/>
  <testcase name="whenTheresAnAnagramInDictionary_thenIsReturned" classname="com.jpinon.challenge.recruiting_javier_pinon.domain.AnagramDictionaryTest" time="0"/>
  <testcase name="whenThereIsAnAnagramInDictionaryAndIgnoredWordsIsEmpty_thenIsReturned" classname="com.jpinon.challenge.recruiting_javier_pinon.domain.AnagramDictionaryTest" time="0"/>
  <testcase name="whenSameWordIsInDictionaryAndAlsoInIgnoredWordsButThereIsAnAlternativeAnagram_thenAlternativeIsReturned" classname="com.jpinon.challenge.recruiting_javier_pinon.domain.AnagramDictionaryTest" time="0"/>
  <testcase name="whenWordIsNull_thenIllegalArgumentException" classname="com.jpinon.challenge.recruiting_javier_pinon.domain.AnagramDictionaryTest" time="0"/>
  <testcase name="whenIgnoredWordsIsNull_thenIllegalArgumentException" classname="com.jpinon.challenge.recruiting_javier_pinon.domain.AnagramDictionaryTest" time="0"/>
  <testcase name="whenSameWordIsInDictionaryAndAlsoInIgnoredWordsAndThereIsNoAlternativeAnagram_thenEmptyIsReturned" classname="com.jpinon.challenge.recruiting_javier_pinon.domain.AnagramDictionaryTest" time="0"/>
  <testcase name="whenThereIsNoAnagramInDictionary_thenEmptyIsReturned" classname="com.jpinon.challenge.recruiting_javier_pinon.domain.AnagramDictionaryTest" time="0"/>
  <testcase name="whenDictionaryIsEmpty_thenEmptyIsReturned" classname="com.jpinon.challenge.recruiting_javier_pinon.domain.AnagramDictionaryTest" time="0"/>
</testsuite>